# JRE version: OpenJDK Runtime Environment (8.0_76-b03) (build 1.8.0_76-release-b03)
# Java VM: OpenJDK 64-Bit Server VM (25.76-b03 mixed mode windows-amd64 compressed oops)
Heap:
 PSYoungGen      total 128512K, used 36192K [0x00000000e0000000, 0x00000000e8e00000, 0x0000000100000000)
  eden space 116224K, 31% used [0x00000000e0000000,0x00000000e23582f0,0x00000000e7180000)
  from space 12288K, 0% used [0x00000000e7f00000,0x00000000e7f00000,0x00000000e8b00000)
  to   space 13824K, 0% used [0x00000000e7180000,0x00000000e7180000,0x00000000e7f00000)
 ParOldGen       total 85504K, used 43517K [0x00000000a0000000, 0x00000000a5380000, 0x00000000e0000000)
  object space 85504K, 50% used [0x00000000a0000000,0x00000000a2a7f730,0x00000000a5380000)
 Metaspace       used 54928K, capacity 57030K, committed 57392K, reserved 1099776K
  class space    used 7410K, capacity 7878K, committed 7984K, reserved 1048576K
GC Heap History (10 events):
Event: 65.133 GC heap before
{Heap before GC invocations=20 (full 2):
 PSYoungGen      total 81920K, used 81906K [0x00000000e0000000, 0x00000000e6e00000, 0x0000000100000000)
  eden space 74752K, 100% used [0x00000000e0000000,0x00000000e4900000,0x00000000e4900000)
  from space 7168K, 99% used [0x00000000e4900000,0x00000000e4ffcbe0,0x00000000e5000000)
  to   space 8704K, 0% used [0x00000000e6580000,0x00000000e6580000,0x00000000e6e00000)
 ParOldGen       total 43520K, used 16611K [0x00000000a0000000, 0x00000000a2a80000, 0x00000000e0000000)
  object space 43520K, 38% used [0x00000000a0000000,0x00000000a1038eb8,0x00000000a2a80000)
 Metaspace       used 44572K, capacity 45686K, committed 46000K, reserved 1089536K
  class space    used 5995K, capacity 6237K, committed 6320K, reserved 1048576K
Event: 65.168 GC heap after
Heap after GC invocations=20 (full 2):
 PSYoungGen      total 101888K, used 6607K [0x00000000e0000000, 0x00000000e6d80000, 0x0000000100000000)
  eden space 93696K, 0% used [0x00000000e0000000,0x00000000e0000000,0x00000000e5b80000)
  from space 8192K, 80% used [0x00000000e6580000,0x00000000e6bf3d80,0x00000000e6d80000)
  to   space 9216K, 0% used [0x00000000e5b80000,0x00000000e5b80000,0x00000000e6480000)
 ParOldGen       total 43520K, used 21978K [0x00000000a0000000, 0x00000000a2a80000, 0x00000000e0000000)
  object space 43520K, 50% used [0x00000000a0000000,0x00000000a1576b98,0x00000000a2a80000)
 Metaspace       used 44572K, capacity 45686K, committed 46000K, reserved 1089536K
  class space    used 5995K, capacity 6237K, committed 6320K, reserved 1048576K
}
Event: 74.840 GC heap before
{Heap before GC invocations=21 (full 2):
 PSYoungGen      total 101888K, used 100303K [0x00000000e0000000, 0x00000000e6d80000, 0x0000000100000000)
  eden space 93696K, 100% used [0x00000000e0000000,0x00000000e5b80000,0x00000000e5b80000)
  from space 8192K, 80% used [0x00000000e6580000,0x00000000e6bf3d80,0x00000000e6d80000)
  to   space 9216K, 0% used [0x00000000e5b80000,0x00000000e5b80000,0x00000000e6480000)
 ParOldGen       total 43520K, used 21978K [0x00000000a0000000, 0x00000000a2a80000, 0x00000000e0000000)
  object space 43520K, 50% used [0x00000000a0000000,0x00000000a1576b98,0x00000000a2a80000)
 Metaspace       used 49683K, capacity 51146K, committed 51376K, reserved 1093632K
  class space    used 6703K, capacity 7004K, committed 7088K, reserved 1048576K
Event: 74.968 GC heap after
Heap after GC invocations=21 (full 2):
 PSYoungGen      total 102912K, used 9200K [0x00000000e0000000, 0x00000000e8b00000, 0x0000000100000000)
  eden space 93696K, 0% used [0x00000000e0000000,0x00000000e0000000,0x00000000e5b80000)
  from space 9216K, 99% used [0x00000000e5b80000,0x00000000e647c2b0,0x00000000e6480000)
  to   space 12288K, 0% used [0x00000000e7f00000,0x00000000e7f00000,0x00000000e8b00000)
 ParOldGen       total 43520K, used 26906K [0x00000000a0000000, 0x00000000a2a80000, 0x00000000e0000000)
  object space 43520K, 61% used [0x00000000a0000000,0x00000000a1a46968,0x00000000a2a80000)
 Metaspace       used 49683K, capacity 51146K, committed 51376K, reserved 1093632K
  class space    used 6703K, capacity 7004K, committed 7088K, reserved 1048576K
}
Event: 79.448 GC heap before
{Heap before GC invocations=22 (full 2):
 PSYoungGen      total 102912K, used 84858K [0x00000000e0000000, 0x00000000e8b00000, 0x0000000100000000)
  eden space 93696K, 80% used [0x00000000e0000000,0x00000000e49e2718,0x00000000e5b80000)
  from space 9216K, 99% used [0x00000000e5b80000,0x00000000e647c2b0,0x00000000e6480000)
  to   space 12288K, 0% used [0x00000000e7f00000,0x00000000e7f00000,0x00000000e8b00000)
 ParOldGen       total 43520K, used 26906K [0x00000000a0000000, 0x00000000a2a80000, 0x00000000e0000000)
  object space 43520K, 61% used [0x00000000a0000000,0x00000000a1a46968,0x00000000a2a80000)
 Metaspace       used 51834K, capacity 53738K, committed 53936K, reserved 1095680K
  class space    used 7095K, capacity 7546K, committed 7600K, reserved 1048576K
Event: 79.512 GC heap after
Heap after GC invocations=22 (full 2):
 PSYoungGen      total 128512K, used 10911K [0x00000000e0000000, 0x00000000e8e00000, 0x0000000100000000)
  eden space 116224K, 0% used [0x00000000e0000000,0x00000000e0000000,0x00000000e7180000)
  from space 12288K, 88% used [0x00000000e7f00000,0x00000000e89a7dd0,0x00000000e8b00000)
  to   space 13824K, 0% used [0x00000000e7180000,0x00000000e7180000,0x00000000e7f00000)
 ParOldGen       total 43520K, used 33738K [0x00000000a0000000, 0x00000000a2a80000, 0x00000000e0000000)
  object space 43520K, 77% used [0x00000000a0000000,0x00000000a20f2998,0x00000000a2a80000)
 Metaspace       used 51834K, capacity 53738K, committed 53936K, reserved 1095680K
  class space    used 7095K, capacity 7546K, committed 7600K, reserved 1048576K
}
Event: 79.512 GC heap before
{Heap before GC invocations=23 (full 3):
 PSYoungGen      total 128512K, used 10911K [0x00000000e0000000, 0x00000000e8e00000, 0x0000000100000000)
  eden space 116224K, 0% used [0x00000000e0000000,0x00000000e0000000,0x00000000e7180000)
  from space 12288K, 88% used [0x00000000e7f00000,0x00000000e89a7dd0,0x00000000e8b00000)
  to   space 13824K, 0% used [0x00000000e7180000,0x00000000e7180000,0x00000000e7f00000)
 ParOldGen       total 43520K, used 33738K [0x00000000a0000000, 0x00000000a2a80000, 0x00000000e0000000)
  object space 43520K, 77% used [0x00000000a0000000,0x00000000a20f2998,0x00000000a2a80000)
 Metaspace       used 51834K, capacity 53738K, committed 53936K, reserved 1095680K
  class space    used 7095K, capacity 7546K, committed 7600K, reserved 1048576K
Event: 80.362 GC heap after
Heap after GC invocations=23 (full 3):
 PSYoungGen      total 128512K, used 0K [0x00000000e0000000, 0x00000000e8e00000, 0x0000000100000000)
  eden space 116224K, 0% used [0x00000000e0000000,0x00000000e0000000,0x00000000e7180000)
  from space 12288K, 0% used [0x00000000e7f00000,0x00000000e7f00000,0x00000000e8b00000)
  to   space 13824K, 0% used [0x00000000e7180000,0x00000000e7180000,0x00000000e7f00000)
 ParOldGen       total 43520K, used 40451K [0x00000000a0000000, 0x00000000a2a80000, 0x00000000e0000000)
  object space 43520K, 92% used [0x00000000a0000000,0x00000000a2780cd8,0x00000000a2a80000)
 Metaspace       used 51834K, capacity 53738K, committed 53936K, reserved 1095680K
  class space    used 7095K, capacity 7546K, committed 7600K, reserved 1048576K
}
Event: 98.690 GC heap before
{Heap before GC invocations=24 (full 4):
 PSYoungGen      total 128512K, used 116224K [0x00000000e0000000, 0x00000000e8e00000, 0x0000000100000000)
  eden space 116224K, 100% used [0x00000000e0000000,0x00000000e7180000,0x00000000e7180000)
  from space 12288K, 0% used [0x00000000e7f00000,0x00000000e7f00000,0x00000000e8b00000)
  to   space 13824K, 0% used [0x00000000e7180000,0x00000000e7180000,0x00000000e7f00000)
 ParOldGen       total 43520K, used 40451K [0x00000000a0000000, 0x00000000a2a80000, 0x00000000e0000000)
  object space 43520K, 92% used [0x00000000a0000000,0x00000000a2780cd8,0x00000000a2a80000)
 Metaspace       used 54630K, capacity 56676K, committed 56752K, reserved 1097728K
  class space    used 7386K, capacity 7845K, committed 7856K, reserved 1048576K
Event: 100.068 GC heap after
Heap after GC invocations=24 (full 4):
 PSYoungGen      total 128512K, used 1841K [0x00000000e0000000, 0x00000000e8e00000, 0x0000000100000000)
  eden space 116224K, 1% used [0x00000000e0000000,0x00000000e01cc470,0x00000000e7180000)
  from space 12288K, 0% used [0x00000000e7f00000,0x00000000e7f00000,0x00000000e8b00000)
  to   space 13824K, 0% used [0x00000000e7180000,0x00000000e7180000,0x00000000e7f00000)
 ParOldGen       total 85504K, used 43517K [0x00000000a0000000, 0x00000000a5380000, 0x00000000e0000000)
  object space 85504K, 50% used [0x00000000a0000000,0x00000000a2a7f730,0x00000000a5380000)
 Metaspace       used 54630K, capacity 56676K, committed 56752K, reserved 1097728K
  class space    used 7386K, capacity 7845K, committed 7856K, reserved 1048576K
}

