# JRE version: OpenJDK Runtime Environment (8.0_76-b03) (build 1.8.0_76-release-b03)
# Java VM: OpenJDK 64-Bit Server VM (25.76-b03 mixed mode windows-amd64 compressed oops)
Heap:
 PSYoungGen      total 236032K, used 59699K [0x00000000e0000000, 0x00000000f0400000, 0x0000000100000000)
  eden space 219648K, 19% used [0x00000000e0000000,0x00000000e2a4e658,0x00000000ed680000)
  from space 16384K, 99% used [0x00000000ef400000,0x00000000f03fe968,0x00000000f0400000)
  to   space 18944K, 0% used [0x00000000edf00000,0x00000000edf00000,0x00000000ef180000)
 ParOldGen       total 50688K, used 30838K [0x00000000a0000000, 0x00000000a3180000, 0x00000000e0000000)
  object space 50688K, 60% used [0x00000000a0000000,0x00000000a1e1d890,0x00000000a3180000)
 Metaspace       used 62432K, capacity 64070K, committed 64304K, reserved 1105920K
  class space    used 8034K, capacity 8413K, committed 8496K, reserved 1048576K
GC Heap History (10 events):
Event: 26.784 GC heap before
{Heap before GC invocations=17 (full 3):
 PSYoungGen      total 162816K, used 672K [0x00000000e0000000, 0x00000000eae00000, 0x0000000100000000)
  eden space 148992K, 0% used [0x00000000e0000000,0x00000000e0000000,0x00000000e9180000)
  from space 13824K, 4% used [0x00000000e9f80000,0x00000000ea028000,0x00000000ead00000)
  to   space 14336K, 0% used [0x00000000e9180000,0x00000000e9180000,0x00000000e9f80000)
 ParOldGen       total 50688K, used 32117K [0x00000000a0000000, 0x00000000a3180000, 0x00000000e0000000)
  object space 50688K, 63% used [0x00000000a0000000,0x00000000a1f5d7d0,0x00000000a3180000)
 Metaspace       used 46898K, capacity 48076K, committed 48432K, reserved 1091584K
  class space    used 6324K, capacity 6580K, committed 6704K, reserved 1048576K
Event: 27.167 GC heap after
Heap after GC invocations=17 (full 3):
 PSYoungGen      total 162816K, used 0K [0x00000000e0000000, 0x00000000eae00000, 0x0000000100000000)
  eden space 148992K, 0% used [0x00000000e0000000,0x00000000e0000000,0x00000000e9180000)
  from space 13824K, 0% used [0x00000000e9f80000,0x00000000e9f80000,0x00000000ead00000)
  to   space 14336K, 0% used [0x00000000e9180000,0x00000000e9180000,0x00000000e9f80000)
 ParOldGen       total 50688K, used 26529K [0x00000000a0000000, 0x00000000a3180000, 0x00000000e0000000)
  object space 50688K, 52% used [0x00000000a0000000,0x00000000a19e8538,0x00000000a3180000)
 Metaspace       used 46898K, capacity 48076K, committed 48432K, reserved 1091584K
  class space    used 6324K, capacity 6580K, committed 6704K, reserved 1048576K
}
Event: 40.571 GC heap before
{Heap before GC invocations=18 (full 3):
 PSYoungGen      total 162816K, used 148992K [0x00000000e0000000, 0x00000000eae00000, 0x0000000100000000)
  eden space 148992K, 100% used [0x00000000e0000000,0x00000000e9180000,0x00000000e9180000)
  from space 13824K, 0% used [0x00000000e9f80000,0x00000000e9f80000,0x00000000ead00000)
  to   space 14336K, 0% used [0x00000000e9180000,0x00000000e9180000,0x00000000e9f80000)
 ParOldGen       total 50688K, used 26529K [0x00000000a0000000, 0x00000000a3180000, 0x00000000e0000000)
  object space 50688K, 52% used [0x00000000a0000000,0x00000000a19e8538,0x00000000a3180000)
 Metaspace       used 50780K, capacity 52102K, committed 52400K, reserved 1095680K
  class space    used 6729K, capacity 7049K, committed 7088K, reserved 1048576K
Event: 40.611 GC heap after
Heap after GC invocations=18 (full 3):
 PSYoungGen      total 163328K, used 13668K [0x00000000e0000000, 0x00000000edc00000, 0x0000000100000000)
  eden space 148992K, 0% used [0x00000000e0000000,0x00000000e0000000,0x00000000e9180000)
  from space 14336K, 95% used [0x00000000e9180000,0x00000000e9ed9040,0x00000000e9f80000)
  to   space 16384K, 0% used [0x00000000ecc00000,0x00000000ecc00000,0x00000000edc00000)
 ParOldGen       total 50688K, used 26537K [0x00000000a0000000, 0x00000000a3180000, 0x00000000e0000000)
  object space 50688K, 52% used [0x00000000a0000000,0x00000000a19ea538,0x00000000a3180000)
 Metaspace       used 50780K, capacity 52102K, committed 52400K, reserved 1095680K
  class space    used 6729K, capacity 7049K, committed 7088K, reserved 1048576K
}
Event: 54.855 GC heap before
{Heap before GC invocations=19 (full 3):
 PSYoungGen      total 163328K, used 162660K [0x00000000e0000000, 0x00000000edc00000, 0x0000000100000000)
  eden space 148992K, 100% used [0x00000000e0000000,0x00000000e9180000,0x00000000e9180000)
  from space 14336K, 95% used [0x00000000e9180000,0x00000000e9ed9040,0x00000000e9f80000)
  to   space 16384K, 0% used [0x00000000ecc00000,0x00000000ecc00000,0x00000000edc00000)
 ParOldGen       total 50688K, used 26537K [0x00000000a0000000, 0x00000000a3180000, 0x00000000e0000000)
  object space 50688K, 52% used [0x00000000a0000000,0x00000000a19ea538,0x00000000a3180000)
 Metaspace       used 56406K, capacity 57898K, committed 58032K, reserved 1099776K
  class space    used 7436K, capacity 7787K, committed 7856K, reserved 1048576K
Event: 54.917 GC heap after
Heap after GC invocations=19 (full 3):
 PSYoungGen      total 201728K, used 11232K [0x00000000e0000000, 0x00000000ed900000, 0x0000000100000000)
  eden space 188416K, 0% used [0x00000000e0000000,0x00000000e0000000,0x00000000eb800000)
  from space 13312K, 84% used [0x00000000ecc00000,0x00000000ed6f8268,0x00000000ed900000)
  to   space 16896K, 0% used [0x00000000eb800000,0x00000000eb800000,0x00000000ec880000)
 ParOldGen       total 50688K, used 30183K [0x00000000a0000000, 0x00000000a3180000, 0x00000000e0000000)
  object space 50688K, 59% used [0x00000000a0000000,0x00000000a1d79d58,0x00000000a3180000)
 Metaspace       used 56406K, capacity 57898K, committed 58032K, reserved 1099776K
  class space    used 7436K, capacity 7787K, committed 7856K, reserved 1048576K
}
Event: 60.648 GC heap before
{Heap before GC invocations=20 (full 3):
 PSYoungGen      total 201728K, used 199099K [0x00000000e0000000, 0x00000000ed900000, 0x0000000100000000)
  eden space 188416K, 99% used [0x00000000e0000000,0x00000000eb776c18,0x00000000eb800000)
  from space 13312K, 84% used [0x00000000ecc00000,0x00000000ed6f8268,0x00000000ed900000)
  to   space 16896K, 0% used [0x00000000eb800000,0x00000000eb800000,0x00000000ec880000)
 ParOldGen       total 50688K, used 30183K [0x00000000a0000000, 0x00000000a3180000, 0x00000000e0000000)
  object space 50688K, 59% used [0x00000000a0000000,0x00000000a1d79d58,0x00000000a3180000)
 Metaspace       used 58186K, capacity 59816K, committed 60080K, reserved 1101824K
  class space    used 7640K, capacity 7994K, committed 8112K, reserved 1048576K
Event: 60.669 GC heap after
Heap after GC invocations=20 (full 3):
 PSYoungGen      total 205312K, used 6472K [0x00000000e0000000, 0x00000000f0400000, 0x0000000100000000)
  eden space 188416K, 0% used [0x00000000e0000000,0x00000000e0000000,0x00000000eb800000)
  from space 16896K, 38% used [0x00000000eb800000,0x00000000ebe52170,0x00000000ec880000)
  to   space 16384K, 0% used [0x00000000ef400000,0x00000000ef400000,0x00000000f0400000)
 ParOldGen       total 50688K, used 30191K [0x00000000a0000000, 0x00000000a3180000, 0x00000000e0000000)
  object space 50688K, 59% used [0x00000000a0000000,0x00000000a1d7bd58,0x00000000a3180000)
 Metaspace       used 58186K, capacity 59816K, committed 60080K, reserved 1101824K
  class space    used 7640K, capacity 7994K, committed 8112K, reserved 1048576K
}
Event: 67.399 GC heap before
{Heap before GC invocations=21 (full 3):
 PSYoungGen      total 205312K, used 194888K [0x00000000e0000000, 0x00000000f0400000, 0x0000000100000000)
  eden space 188416K, 100% used [0x00000000e0000000,0x00000000eb800000,0x00000000eb800000)
  from space 16896K, 38% used [0x00000000eb800000,0x00000000ebe52170,0x00000000ec880000)
  to   space 16384K, 0% used [0x00000000ef400000,0x00000000ef400000,0x00000000f0400000)
 ParOldGen       total 50688K, used 30191K [0x00000000a0000000, 0x00000000a3180000, 0x00000000e0000000)
  object space 50688K, 59% used [0x00000000a0000000,0x00000000a1d7bd58,0x00000000a3180000)
 Metaspace       used 61782K, capacity 63494K, committed 63792K, reserved 1103872K
  class space    used 8015K, capacity 8413K, committed 8496K, reserved 1048576K
Event: 67.472 GC heap after
Heap after GC invocations=21 (full 3):
 PSYoungGen      total 236032K, used 16378K [0x00000000e0000000, 0x00000000f0400000, 0x0000000100000000)
  eden space 219648K, 0% used [0x00000000e0000000,0x00000000e0000000,0x00000000ed680000)
  from space 16384K, 99% used [0x00000000ef400000,0x00000000f03fe968,0x00000000f0400000)
  to   space 18944K, 0% used [0x00000000edf00000,0x00000000edf00000,0x00000000ef180000)
 ParOldGen       total 50688K, used 30838K [0x00000000a0000000, 0x00000000a3180000, 0x00000000e0000000)
  object space 50688K, 60% used [0x00000000a0000000,0x00000000a1e1d890,0x00000000a3180000)
 Metaspace       used 61782K, capacity 63494K, committed 63792K, reserved 1103872K
  class space    used 8015K, capacity 8413K, committed 8496K, reserved 1048576K
}

