# JRE version: OpenJDK Runtime Environment (8.0_76-b03) (build 1.8.0_76-release-b03)
# Java VM: OpenJDK 64-Bit Server VM (25.76-b03 mixed mode windows-amd64 compressed oops)
Heap:
 PSYoungGen      total 263680K, used 186103K [0x00000000e0000000, 0x00000000f1800000, 0x0000000100000000)
  eden space 252928K, 73% used [0x00000000e0000000,0x00000000eb5bdd70,0x00000000ef700000)
  from space 10752K, 0% used [0x00000000f0d80000,0x00000000f0d80000,0x00000000f1800000)
  to   space 16896K, 0% used [0x00000000ef700000,0x00000000ef700000,0x00000000f0780000)
 ParOldGen       total 99328K, used 51384K [0x00000000a0000000, 0x00000000a6100000, 0x00000000e0000000)
  object space 99328K, 51% used [0x00000000a0000000,0x00000000a322e160,0x00000000a6100000)
 Metaspace       used 67347K, capacity 70006K, committed 70192K, reserved 1110016K
  class space    used 8841K, capacity 9436K, committed 9520K, reserved 1048576K
GC Heap History (10 events):
Event: 31.229 GC heap before
{Heap before GC invocations=14 (full 2):
 PSYoungGen      total 168448K, used 70264K [0x00000000e0000000, 0x00000000ee780000, 0x0000000100000000)
  eden space 155648K, 36% used [0x00000000e0000000,0x00000000e38261d8,0x00000000e9800000)
  from space 12800K, 99% used [0x00000000e9800000,0x00000000ea478010,0x00000000ea480000)
  to   space 18432K, 0% used [0x00000000ed580000,0x00000000ed580000,0x00000000ee780000)
 ParOldGen       total 53248K, used 30912K [0x00000000a0000000, 0x00000000a3400000, 0x00000000e0000000)
  object space 53248K, 58% used [0x00000000a0000000,0x00000000a1e30138,0x00000000a3400000)
 Metaspace       used 51647K, capacity 53538K, committed 53680K, reserved 1095680K
  class space    used 7097K, capacity 7542K, committed 7600K, reserved 1048576K
Event: 31.306 GC heap after
Heap after GC invocations=14 (full 2):
 PSYoungGen      total 217600K, used 7099K [0x00000000e0000000, 0x00000000ee680000, 0x0000000100000000)
  eden space 200192K, 0% used [0x00000000e0000000,0x00000000e0000000,0x00000000ec380000)
  from space 17408K, 40% used [0x00000000ed580000,0x00000000edc6edc0,0x00000000ee680000)
  to   space 17920K, 0% used [0x00000000ec380000,0x00000000ec380000,0x00000000ed500000)
 ParOldGen       total 53248K, used 43578K [0x00000000a0000000, 0x00000000a3400000, 0x00000000e0000000)
  object space 53248K, 81% used [0x00000000a0000000,0x00000000a2a8e9a0,0x00000000a3400000)
 Metaspace       used 51647K, capacity 53538K, committed 53680K, reserved 1095680K
  class space    used 7097K, capacity 7542K, committed 7600K, reserved 1048576K
}
Event: 31.306 GC heap before
{Heap before GC invocations=15 (full 3):
 PSYoungGen      total 217600K, used 7099K [0x00000000e0000000, 0x00000000ee680000, 0x0000000100000000)
  eden space 200192K, 0% used [0x00000000e0000000,0x00000000e0000000,0x00000000ec380000)
  from space 17408K, 40% used [0x00000000ed580000,0x00000000edc6edc0,0x00000000ee680000)
  to   space 17920K, 0% used [0x00000000ec380000,0x00000000ec380000,0x00000000ed500000)
 ParOldGen       total 53248K, used 43578K [0x00000000a0000000, 0x00000000a3400000, 0x00000000e0000000)
  object space 53248K, 81% used [0x00000000a0000000,0x00000000a2a8e9a0,0x00000000a3400000)
 Metaspace       used 51647K, capacity 53538K, committed 53680K, reserved 1095680K
  class space    used 7097K, capacity 7542K, committed 7600K, reserved 1048576K
Event: 32.897 GC heap after
Heap after GC invocations=15 (full 3):
 PSYoungGen      total 217600K, used 0K [0x00000000e0000000, 0x00000000ee680000, 0x0000000100000000)
  eden space 200192K, 0% used [0x00000000e0000000,0x00000000e0000000,0x00000000ec380000)
  from space 17408K, 0% used [0x00000000ed580000,0x00000000ed580000,0x00000000ee680000)
  to   space 17920K, 0% used [0x00000000ec380000,0x00000000ec380000,0x00000000ed500000)
 ParOldGen       total 53248K, used 40332K [0x00000000a0000000, 0x00000000a3400000, 0x00000000e0000000)
  object space 53248K, 75% used [0x00000000a0000000,0x00000000a2763130,0x00000000a3400000)
 Metaspace       used 51647K, capacity 53538K, committed 53680K, reserved 1095680K
  class space    used 7097K, capacity 7542K, committed 7600K, reserved 1048576K
}
Event: 285.232 GC heap before
{Heap before GC invocations=16 (full 3):
 PSYoungGen      total 217600K, used 200192K [0x00000000e0000000, 0x00000000ee680000, 0x0000000100000000)
  eden space 200192K, 100% used [0x00000000e0000000,0x00000000ec380000,0x00000000ec380000)
  from space 17408K, 0% used [0x00000000ed580000,0x00000000ed580000,0x00000000ee680000)
  to   space 17920K, 0% used [0x00000000ec380000,0x00000000ec380000,0x00000000ed500000)
 ParOldGen       total 53248K, used 40332K [0x00000000a0000000, 0x00000000a3400000, 0x00000000e0000000)
  object space 53248K, 75% used [0x00000000a0000000,0x00000000a2763130,0x00000000a3400000)
 Metaspace       used 55954K, capacity 58158K, committed 58288K, reserved 1099776K
  class space    used 7603K, capacity 8078K, committed 8112K, reserved 1048576K
Event: 285.328 GC heap after
Heap after GC invocations=16 (full 3):
 PSYoungGen      total 218112K, used 6082K [0x00000000e0000000, 0x00000000f1e80000, 0x0000000100000000)
  eden space 200192K, 0% used [0x00000000e0000000,0x00000000e0000000,0x00000000ec380000)
  from space 17920K, 33% used [0x00000000ec380000,0x00000000ec970988,0x00000000ed500000)
  to   space 17408K, 0% used [0x00000000f0d80000,0x00000000f0d80000,0x00000000f1e80000)
 ParOldGen       total 53248K, used 40332K [0x00000000a0000000, 0x00000000a3400000, 0x00000000e0000000)
  object space 53248K, 75% used [0x00000000a0000000,0x00000000a2763130,0x00000000a3400000)
 Metaspace       used 55954K, capacity 58158K, committed 58288K, reserved 1099776K
  class space    used 7603K, capacity 8078K, committed 8112K, reserved 1048576K
}
Event: 292.800 GC heap before
{Heap before GC invocations=17 (full 3):
 PSYoungGen      total 218112K, used 206274K [0x00000000e0000000, 0x00000000f1e80000, 0x0000000100000000)
  eden space 200192K, 100% used [0x00000000e0000000,0x00000000ec380000,0x00000000ec380000)
  from space 17920K, 33% used [0x00000000ec380000,0x00000000ec970988,0x00000000ed500000)
  to   space 17408K, 0% used [0x00000000f0d80000,0x00000000f0d80000,0x00000000f1e80000)
 ParOldGen       total 53248K, used 40332K [0x00000000a0000000, 0x00000000a3400000, 0x00000000e0000000)
  object space 53248K, 75% used [0x00000000a0000000,0x00000000a2763130,0x00000000a3400000)
 Metaspace       used 63097K, capacity 65474K, committed 65840K, reserved 1105920K
  class space    used 8379K, capacity 8890K, committed 9008K, reserved 1048576K
Event: 292.836 GC heap after
Heap after GC invocations=17 (full 3):
 PSYoungGen      total 263680K, used 8880K [0x00000000e0000000, 0x00000000f1800000, 0x0000000100000000)
  eden space 252928K, 0% used [0x00000000e0000000,0x00000000e0000000,0x00000000ef700000)
  from space 10752K, 82% used [0x00000000f0d80000,0x00000000f162c3e8,0x00000000f1800000)
  to   space 16896K, 0% used [0x00000000ef700000,0x00000000ef700000,0x00000000f0780000)
 ParOldGen       total 53248K, used 43344K [0x00000000a0000000, 0x00000000a3400000, 0x00000000e0000000)
  object space 53248K, 81% used [0x00000000a0000000,0x00000000a2a541f0,0x00000000a3400000)
 Metaspace       used 63097K, capacity 65474K, committed 65840K, reserved 1105920K
  class space    used 8379K, capacity 8890K, committed 9008K, reserved 1048576K
}
Event: 292.836 GC heap before
{Heap before GC invocations=18 (full 4):
 PSYoungGen      total 263680K, used 8880K [0x00000000e0000000, 0x00000000f1800000, 0x0000000100000000)
  eden space 252928K, 0% used [0x00000000e0000000,0x00000000e0000000,0x00000000ef700000)
  from space 10752K, 82% used [0x00000000f0d80000,0x00000000f162c3e8,0x00000000f1800000)
  to   space 16896K, 0% used [0x00000000ef700000,0x00000000ef700000,0x00000000f0780000)
 ParOldGen       total 53248K, used 43344K [0x00000000a0000000, 0x00000000a3400000, 0x00000000e0000000)
  object space 53248K, 81% used [0x00000000a0000000,0x00000000a2a541f0,0x00000000a3400000)
 Metaspace       used 63097K, capacity 65474K, committed 65840K, reserved 1105920K
  class space    used 8379K, capacity 8890K, committed 9008K, reserved 1048576K
Event: 293.364 GC heap after
Heap after GC invocations=18 (full 4):
 PSYoungGen      total 263680K, used 0K [0x00000000e0000000, 0x00000000f1800000, 0x0000000100000000)
  eden space 252928K, 0% used [0x00000000e0000000,0x00000000e0000000,0x00000000ef700000)
  from space 10752K, 0% used [0x00000000f0d80000,0x00000000f0d80000,0x00000000f1800000)
  to   space 16896K, 0% used [0x00000000ef700000,0x00000000ef700000,0x00000000f0780000)
 ParOldGen       total 99328K, used 51384K [0x00000000a0000000, 0x00000000a6100000, 0x00000000e0000000)
  object space 99328K, 51% used [0x00000000a0000000,0x00000000a322e160,0x00000000a6100000)
 Metaspace       used 63097K, capacity 65474K, committed 65840K, reserved 1105920K
  class space    used 8379K, capacity 8890K, committed 9008K, reserved 1048576K
}

