# JRE version: OpenJDK Runtime Environment (8.0_76-b03) (build 1.8.0_76-release-b03)
# Java VM: OpenJDK 64-Bit Server VM (25.76-b03 mixed mode windows-amd64 compressed oops)
Heap:
 PSYoungGen      total 466944K, used 77932K [0x00000000e0000000, 0x00000000ffe00000, 0x0000000100000000)
  eden space 431616K, 9% used [0x00000000e0000000,0x00000000e29f7660,0x00000000fa580000)
  from space 35328K, 98% used [0x00000000fdb80000,0x00000000ffda39b8,0x00000000ffe00000)
  to   space 43008K, 0% used [0x00000000faa00000,0x00000000faa00000,0x00000000fd400000)
 ParOldGen       total 163840K, used 119730K [0x00000000a0000000, 0x00000000aa000000, 0x00000000e0000000)
  object space 163840K, 73% used [0x00000000a0000000,0x00000000a74ecbd8,0x00000000aa000000)
 Metaspace       used 69368K, capacity 71992K, committed 72368K, reserved 1112064K
  class space    used 8953K, capacity 9545K, committed 9648K, reserved 1048576K
GC Heap History (10 events):
Event: 655.857 GC heap before
{Heap before GC invocations=30 (full 6):
 PSYoungGen      total 295424K, used 295415K [0x00000000e0000000, 0x00000000f9580000, 0x0000000100000000)
  eden space 278016K, 100% used [0x00000000e0000000,0x00000000f0f80000,0x00000000f0f80000)
  from space 17408K, 99% used [0x00000000f0f80000,0x00000000f207dfc0,0x00000000f2080000)
  to   space 20992K, 0% used [0x00000000f8100000,0x00000000f8100000,0x00000000f9580000)
 ParOldGen       total 73728K, used 54407K [0x00000000a0000000, 0x00000000a4800000, 0x00000000e0000000)
  object space 73728K, 73% used [0x00000000a0000000,0x00000000a3521e88,0x00000000a4800000)
 Metaspace       used 69245K, capacity 71870K, committed 72112K, reserved 1112064K
  class space    used 8950K, capacity 9546K, committed 9648K, reserved 1048576K
Event: 655.947 GC heap after
Heap after GC invocations=30 (full 6):
 PSYoungGen      total 387072K, used 10406K [0x00000000e0000000, 0x00000000f9200000, 0x0000000100000000)
  eden space 369664K, 0% used [0x00000000e0000000,0x00000000e0000000,0x00000000f6900000)
  from space 17408K, 59% used [0x00000000f8100000,0x00000000f8b29be0,0x00000000f9200000)
  to   space 20992K, 0% used [0x00000000f6900000,0x00000000f6900000,0x00000000f7d80000)
 ParOldGen       total 73728K, used 64524K [0x00000000a0000000, 0x00000000a4800000, 0x00000000e0000000)
  object space 73728K, 87% used [0x00000000a0000000,0x00000000a3f03038,0x00000000a4800000)
 Metaspace       used 69245K, capacity 71870K, committed 72112K, reserved 1112064K
  class space    used 8950K, capacity 9546K, committed 9648K, reserved 1048576K
}
Event: 655.947 GC heap before
{Heap before GC invocations=31 (full 7):
 PSYoungGen      total 387072K, used 10406K [0x00000000e0000000, 0x00000000f9200000, 0x0000000100000000)
  eden space 369664K, 0% used [0x00000000e0000000,0x00000000e0000000,0x00000000f6900000)
  from space 17408K, 59% used [0x00000000f8100000,0x00000000f8b29be0,0x00000000f9200000)
  to   space 20992K, 0% used [0x00000000f6900000,0x00000000f6900000,0x00000000f7d80000)
 ParOldGen       total 73728K, used 64524K [0x00000000a0000000, 0x00000000a4800000, 0x00000000e0000000)
  object space 73728K, 87% used [0x00000000a0000000,0x00000000a3f03038,0x00000000a4800000)
 Metaspace       used 69245K, capacity 71870K, committed 72112K, reserved 1112064K
  class space    used 8950K, capacity 9546K, committed 9648K, reserved 1048576K
Event: 656.629 GC heap after
Heap after GC invocations=31 (full 7):
 PSYoungGen      total 387072K, used 0K [0x00000000e0000000, 0x00000000f9200000, 0x0000000100000000)
  eden space 369664K, 0% used [0x00000000e0000000,0x00000000e0000000,0x00000000f6900000)
  from space 17408K, 0% used [0x00000000f8100000,0x00000000f8100000,0x00000000f9200000)
  to   space 20992K, 0% used [0x00000000f6900000,0x00000000f6900000,0x00000000f7d80000)
 ParOldGen       total 110080K, used 73163K [0x00000000a0000000, 0x00000000a6b80000, 0x00000000e0000000)
  object space 110080K, 66% used [0x00000000a0000000,0x00000000a4772d60,0x00000000a6b80000)
 Metaspace       used 69244K, capacity 71864K, committed 72112K, reserved 1112064K
  class space    used 8950K, capacity 9545K, committed 9648K, reserved 1048576K
}
Event: 664.335 GC heap before
{Heap before GC invocations=32 (full 7):
 PSYoungGen      total 387072K, used 369664K [0x00000000e0000000, 0x00000000f9200000, 0x0000000100000000)
  eden space 369664K, 100% used [0x00000000e0000000,0x00000000f6900000,0x00000000f6900000)
  from space 17408K, 0% used [0x00000000f8100000,0x00000000f8100000,0x00000000f9200000)
  to   space 20992K, 0% used [0x00000000f6900000,0x00000000f6900000,0x00000000f7d80000)
 ParOldGen       total 110080K, used 73163K [0x00000000a0000000, 0x00000000a6b80000, 0x00000000e0000000)
  object space 110080K, 66% used [0x00000000a0000000,0x00000000a4772d60,0x00000000a6b80000)
 Metaspace       used 69268K, capacity 71928K, committed 72112K, reserved 1112064K
  class space    used 8951K, capacity 9545K, committed 9648K, reserved 1048576K
Event: 664.625 GC heap after
Heap after GC invocations=32 (full 7):
 PSYoungGen      total 390656K, used 20966K [0x00000000e0000000, 0x0000000100000000, 0x0000000100000000)
  eden space 369664K, 0% used [0x00000000e0000000,0x00000000e0000000,0x00000000f6900000)
  from space 20992K, 99% used [0x00000000f6900000,0x00000000f7d79be8,0x00000000f7d80000)
  to   space 37376K, 0% used [0x00000000fdb80000,0x00000000fdb80000,0x0000000100000000)
 ParOldGen       total 110080K, used 107770K [0x00000000a0000000, 0x00000000a6b80000, 0x00000000e0000000)
  object space 110080K, 97% used [0x00000000a0000000,0x00000000a693eaf8,0x00000000a6b80000)
 Metaspace       used 69268K, capacity 71928K, committed 72112K, reserved 1112064K
  class space    used 8951K, capacity 9545K, committed 9648K, reserved 1048576K
}
Event: 664.625 GC heap before
{Heap before GC invocations=33 (full 8):
 PSYoungGen      total 390656K, used 20966K [0x00000000e0000000, 0x0000000100000000, 0x0000000100000000)
  eden space 369664K, 0% used [0x00000000e0000000,0x00000000e0000000,0x00000000f6900000)
  from space 20992K, 99% used [0x00000000f6900000,0x00000000f7d79be8,0x00000000f7d80000)
  to   space 37376K, 0% used [0x00000000fdb80000,0x00000000fdb80000,0x0000000100000000)
 ParOldGen       total 110080K, used 107770K [0x00000000a0000000, 0x00000000a6b80000, 0x00000000e0000000)
  object space 110080K, 97% used [0x00000000a0000000,0x00000000a693eaf8,0x00000000a6b80000)
 Metaspace       used 69268K, capacity 71928K, committed 72112K, reserved 1112064K
  class space    used 8951K, capacity 9545K, committed 9648K, reserved 1048576K
Event: 666.741 GC heap after
Heap after GC invocations=33 (full 8):
 PSYoungGen      total 390656K, used 17269K [0x00000000e0000000, 0x0000000100000000, 0x0000000100000000)
  eden space 369664K, 0% used [0x00000000e0000000,0x00000000e0000000,0x00000000f6900000)
  from space 20992K, 82% used [0x00000000f6900000,0x00000000f79dd7a0,0x00000000f7d80000)
  to   space 37376K, 0% used [0x00000000fdb80000,0x00000000fdb80000,0x0000000100000000)
 ParOldGen       total 163840K, used 109702K [0x00000000a0000000, 0x00000000aa000000, 0x00000000e0000000)
  object space 163840K, 66% used [0x00000000a0000000,0x00000000a6b219e0,0x00000000aa000000)
 Metaspace       used 69268K, capacity 71928K, committed 72112K, reserved 1112064K
  class space    used 8951K, capacity 9545K, committed 9648K, reserved 1048576K
}
Event: 677.585 GC heap before
{Heap before GC invocations=34 (full 8):
 PSYoungGen      total 390656K, used 386933K [0x00000000e0000000, 0x0000000100000000, 0x0000000100000000)
  eden space 369664K, 100% used [0x00000000e0000000,0x00000000f6900000,0x00000000f6900000)
  from space 20992K, 82% used [0x00000000f6900000,0x00000000f79dd7a0,0x00000000f7d80000)
  to   space 37376K, 0% used [0x00000000fdb80000,0x00000000fdb80000,0x0000000100000000)
 ParOldGen       total 163840K, used 109702K [0x00000000a0000000, 0x00000000aa000000, 0x00000000e0000000)
  object space 163840K, 66% used [0x00000000a0000000,0x00000000a6b219e0,0x00000000aa000000)
 Metaspace       used 69365K, capacity 71992K, committed 72368K, reserved 1112064K
  class space    used 8953K, capacity 9545K, committed 9648K, reserved 1048576K
Event: 677.981 GC heap after
Heap after GC invocations=34 (full 8):
 PSYoungGen      total 466944K, used 34958K [0x00000000e0000000, 0x00000000ffe00000, 0x0000000100000000)
  eden space 431616K, 0% used [0x00000000e0000000,0x00000000e0000000,0x00000000fa580000)
  from space 35328K, 98% used [0x00000000fdb80000,0x00000000ffda39b8,0x00000000ffe00000)
  to   space 43008K, 0% used [0x00000000faa00000,0x00000000faa00000,0x00000000fd400000)
 ParOldGen       total 163840K, used 119730K [0x00000000a0000000, 0x00000000aa000000, 0x00000000e0000000)
  object space 163840K, 73% used [0x00000000a0000000,0x00000000a74ecbd8,0x00000000aa000000)
 Metaspace       used 69365K, capacity 71992K, committed 72368K, reserved 1112064K
  class space    used 8953K, capacity 9545K, committed 9648K, reserved 1048576K
}

