# JRE version: OpenJDK Runtime Environment (8.0_76-b03) (build 1.8.0_76-release-b03)
# Java VM: OpenJDK 64-Bit Server VM (25.76-b03 mixed mode windows-amd64 compressed oops)
Heap:
 PSYoungGen      total 134656K, used 33516K [0x00000000e0000000, 0x00000000ea900000, 0x0000000100000000)
  eden space 113664K, 15% used [0x00000000e0000000,0x00000000e1145c30,0x00000000e6f00000)
  from space 20992K, 75% used [0x00000000e6f00000,0x00000000e7e75740,0x00000000e8380000)
  to   space 22016K, 0% used [0x00000000e9380000,0x00000000e9380000,0x00000000ea900000)
 ParOldGen       total 58368K, used 39838K [0x00000000a0000000, 0x00000000a3900000, 0x00000000e0000000)
  object space 58368K, 68% used [0x00000000a0000000,0x00000000a26e7a58,0x00000000a3900000)
 Metaspace       used 57255K, capacity 58638K, committed 58792K, reserved 1099776K
  class space    used 7503K, capacity 7847K, committed 7856K, reserved 1048576K
GC Heap History (10 events):
Event: 27.420 GC heap before
{Heap before GC invocations=15 (full 2):
 PSYoungGen      total 88064K, used 78848K [0x00000000e0000000, 0x00000000e6200000, 0x0000000100000000)
  eden space 78848K, 100% used [0x00000000e0000000,0x00000000e4d00000,0x00000000e4d00000)
  from space 9216K, 0% used [0x00000000e5600000,0x00000000e5600000,0x00000000e5f00000)
  to   space 9216K, 0% used [0x00000000e4d00000,0x00000000e4d00000,0x00000000e5600000)
 ParOldGen       total 58368K, used 15528K [0x00000000a0000000, 0x00000000a3900000, 0x00000000e0000000)
  object space 58368K, 26% used [0x00000000a0000000,0x00000000a0f2a290,0x00000000a3900000)
 Metaspace       used 41323K, capacity 42070K, committed 42664K, reserved 1085440K
  class space    used 5508K, capacity 5689K, committed 5808K, reserved 1048576K
Event: 27.521 GC heap after
Heap after GC invocations=15 (full 2):
 PSYoungGen      total 88064K, used 7780K [0x00000000e0000000, 0x00000000e7480000, 0x0000000100000000)
  eden space 78848K, 0% used [0x00000000e0000000,0x00000000e0000000,0x00000000e4d00000)
  from space 9216K, 84% used [0x00000000e4d00000,0x00000000e54992e8,0x00000000e5600000)
  to   space 9728K, 0% used [0x00000000e6b00000,0x00000000e6b00000,0x00000000e7480000)
 ParOldGen       total 58368K, used 15536K [0x00000000a0000000, 0x00000000a3900000, 0x00000000e0000000)
  object space 58368K, 26% used [0x00000000a0000000,0x00000000a0f2c290,0x00000000a3900000)
 Metaspace       used 41323K, capacity 42070K, committed 42664K, reserved 1085440K
  class space    used 5508K, capacity 5689K, committed 5808K, reserved 1048576K
}
Event: 32.108 GC heap before
{Heap before GC invocations=16 (full 2):
 PSYoungGen      total 88064K, used 86628K [0x00000000e0000000, 0x00000000e7480000, 0x0000000100000000)
  eden space 78848K, 100% used [0x00000000e0000000,0x00000000e4d00000,0x00000000e4d00000)
  from space 9216K, 84% used [0x00000000e4d00000,0x00000000e54992e8,0x00000000e5600000)
  to   space 9728K, 0% used [0x00000000e6b00000,0x00000000e6b00000,0x00000000e7480000)
 ParOldGen       total 58368K, used 15536K [0x00000000a0000000, 0x00000000a3900000, 0x00000000e0000000)
  object space 58368K, 26% used [0x00000000a0000000,0x00000000a0f2c290,0x00000000a3900000)
 Metaspace       used 45017K, capacity 46062K, committed 46248K, reserved 1089536K
  class space    used 6042K, capacity 6255K, committed 6320K, reserved 1048576K
Event: 32.140 GC heap after
Heap after GC invocations=16 (full 2):
 PSYoungGen      total 107008K, used 9712K [0x00000000e0000000, 0x00000000e7800000, 0x0000000100000000)
  eden space 97280K, 0% used [0x00000000e0000000,0x00000000e0000000,0x00000000e5f00000)
  from space 9728K, 99% used [0x00000000e6b00000,0x00000000e747c010,0x00000000e7480000)
  to   space 12288K, 0% used [0x00000000e5f00000,0x00000000e5f00000,0x00000000e6b00000)
 ParOldGen       total 58368K, used 18920K [0x00000000a0000000, 0x00000000a3900000, 0x00000000e0000000)
  object space 58368K, 32% used [0x00000000a0000000,0x00000000a127a2a8,0x00000000a3900000)
 Metaspace       used 45017K, capacity 46062K, committed 46248K, reserved 1089536K
  class space    used 6042K, capacity 6255K, committed 6320K, reserved 1048576K
}
Event: 45.275 GC heap before
{Heap before GC invocations=17 (full 2):
 PSYoungGen      total 107008K, used 106992K [0x00000000e0000000, 0x00000000e7800000, 0x0000000100000000)
  eden space 97280K, 100% used [0x00000000e0000000,0x00000000e5f00000,0x00000000e5f00000)
  from space 9728K, 99% used [0x00000000e6b00000,0x00000000e747c010,0x00000000e7480000)
  to   space 12288K, 0% used [0x00000000e5f00000,0x00000000e5f00000,0x00000000e6b00000)
 ParOldGen       total 58368K, used 18920K [0x00000000a0000000, 0x00000000a3900000, 0x00000000e0000000)
  object space 58368K, 32% used [0x00000000a0000000,0x00000000a127a2a8,0x00000000a3900000)
 Metaspace       used 49758K, capacity 50994K, committed 51240K, reserved 1093632K
  class space    used 6625K, capacity 6907K, committed 6960K, reserved 1048576K
Event: 45.357 GC heap after
Heap after GC invocations=17 (full 2):
 PSYoungGen      total 109568K, used 12288K [0x00000000e0000000, 0x00000000e9280000, 0x0000000100000000)
  eden space 97280K, 0% used [0x00000000e0000000,0x00000000e0000000,0x00000000e5f00000)
  from space 12288K, 100% used [0x00000000e5f00000,0x00000000e6b00000,0x00000000e6b00000)
  to   space 15360K, 0% used [0x00000000e8380000,0x00000000e8380000,0x00000000e9280000)
 ParOldGen       total 58368K, used 23251K [0x00000000a0000000, 0x00000000a3900000, 0x00000000e0000000)
  object space 58368K, 39% used [0x00000000a0000000,0x00000000a16b4f88,0x00000000a3900000)
 Metaspace       used 49758K, capacity 50994K, committed 51240K, reserved 1093632K
  class space    used 6625K, capacity 6907K, committed 6960K, reserved 1048576K
}
Event: 54.445 GC heap before
{Heap before GC invocations=18 (full 2):
 PSYoungGen      total 109568K, used 109568K [0x00000000e0000000, 0x00000000e9280000, 0x0000000100000000)
  eden space 97280K, 100% used [0x00000000e0000000,0x00000000e5f00000,0x00000000e5f00000)
  from space 12288K, 100% used [0x00000000e5f00000,0x00000000e6b00000,0x00000000e6b00000)
  to   space 15360K, 0% used [0x00000000e8380000,0x00000000e8380000,0x00000000e9280000)
 ParOldGen       total 58368K, used 23251K [0x00000000a0000000, 0x00000000a3900000, 0x00000000e0000000)
  object space 58368K, 39% used [0x00000000a0000000,0x00000000a16b4f88,0x00000000a3900000)
 Metaspace       used 51143K, capacity 52484K, committed 52648K, reserved 1095680K
  class space    used 6743K, capacity 7076K, committed 7088K, reserved 1048576K
Event: 54.532 GC heap after
Heap after GC invocations=18 (full 2):
 PSYoungGen      total 129024K, used 15358K [0x00000000e0000000, 0x00000000e9c80000, 0x0000000100000000)
  eden space 113664K, 0% used [0x00000000e0000000,0x00000000e0000000,0x00000000e6f00000)
  from space 15360K, 99% used [0x00000000e8380000,0x00000000e927fb70,0x00000000e9280000)
  to   space 20992K, 0% used [0x00000000e6f00000,0x00000000e6f00000,0x00000000e8380000)
 ParOldGen       total 58368K, used 31704K [0x00000000a0000000, 0x00000000a3900000, 0x00000000e0000000)
  object space 58368K, 54% used [0x00000000a0000000,0x00000000a1ef6180,0x00000000a3900000)
 Metaspace       used 51143K, capacity 52484K, committed 52648K, reserved 1095680K
  class space    used 6743K, capacity 7076K, committed 7088K, reserved 1048576K
}
Event: 73.454 GC heap before
{Heap before GC invocations=19 (full 2):
 PSYoungGen      total 129024K, used 129022K [0x00000000e0000000, 0x00000000e9c80000, 0x0000000100000000)
  eden space 113664K, 100% used [0x00000000e0000000,0x00000000e6f00000,0x00000000e6f00000)
  from space 15360K, 99% used [0x00000000e8380000,0x00000000e927fb70,0x00000000e9280000)
  to   space 20992K, 0% used [0x00000000e6f00000,0x00000000e6f00000,0x00000000e8380000)
 ParOldGen       total 58368K, used 31704K [0x00000000a0000000, 0x00000000a3900000, 0x00000000e0000000)
  object space 58368K, 54% used [0x00000000a0000000,0x00000000a1ef6180,0x00000000a3900000)
 Metaspace       used 56439K, capacity 57806K, committed 58024K, reserved 1099776K
  class space    used 7434K, capacity 7783K, committed 7856K, reserved 1048576K
Event: 73.562 GC heap after
Heap after GC invocations=19 (full 2):
 PSYoungGen      total 134656K, used 15829K [0x00000000e0000000, 0x00000000ea900000, 0x0000000100000000)
  eden space 113664K, 0% used [0x00000000e0000000,0x00000000e0000000,0x00000000e6f00000)
  from space 20992K, 75% used [0x00000000e6f00000,0x00000000e7e75740,0x00000000e8380000)
  to   space 22016K, 0% used [0x00000000e9380000,0x00000000e9380000,0x00000000ea900000)
 ParOldGen       total 58368K, used 39838K [0x00000000a0000000, 0x00000000a3900000, 0x00000000e0000000)
  object space 58368K, 68% used [0x00000000a0000000,0x00000000a26e7a58,0x00000000a3900000)
 Metaspace       used 56439K, capacity 57806K, committed 58024K, reserved 1099776K
  class space    used 7434K, capacity 7783K, committed 7856K, reserved 1048576K
}

