# JRE version: OpenJDK Runtime Environment (8.0_76-b03) (build 1.8.0_76-release-b03)
# Java VM: OpenJDK 64-Bit Server VM (25.76-b03 mixed mode windows-amd64 compressed oops)
Heap:
 PSYoungGen      total 268288K, used 129797K [0x00000000e0000000, 0x00000000f8b00000, 0x0000000100000000)
  eden space 248832K, 48% used [0x00000000e0000000,0x00000000e74d3868,0x00000000ef300000)
  from space 19456K, 52% used [0x00000000ef300000,0x00000000efcedea8,0x00000000f0600000)
  to   space 18944K, 0% used [0x00000000f7880000,0x00000000f7880000,0x00000000f8b00000)
 ParOldGen       total 86016K, used 46743K [0x00000000a0000000, 0x00000000a5400000, 0x00000000e0000000)
  object space 86016K, 54% used [0x00000000a0000000,0x00000000a2da5da8,0x00000000a5400000)
 Metaspace       used 64606K, capacity 67086K, committed 67248K, reserved 1107968K
  class space    used 8525K, capacity 9072K, committed 9136K, reserved 1048576K
GC Heap History (10 events):
Event: 94.271 GC heap before
{Heap before GC invocations=13 (full 2):
 PSYoungGen      total 181248K, used 180076K [0x00000000e0000000, 0x00000000ec180000, 0x0000000100000000)
  eden space 169472K, 100% used [0x00000000e0000000,0x00000000ea580000,0x00000000ea580000)
  from space 11776K, 90% used [0x00000000eb200000,0x00000000ebc5b0f0,0x00000000ebd80000)
  to   space 12800K, 0% used [0x00000000ea580000,0x00000000ea580000,0x00000000eb200000)
 ParOldGen       total 48640K, used 19323K [0x00000000a0000000, 0x00000000a2f80000, 0x00000000e0000000)
  object space 48640K, 39% used [0x00000000a0000000,0x00000000a12decc0,0x00000000a2f80000)
 Metaspace       used 50710K, capacity 52362K, committed 52656K, reserved 1095680K
  class space    used 6930K, capacity 7273K, committed 7344K, reserved 1048576K
Event: 94.362 GC heap after
Heap after GC invocations=13 (full 2):
 PSYoungGen      total 182272K, used 12800K [0x00000000e0000000, 0x00000000f1a00000, 0x0000000100000000)
  eden space 169472K, 0% used [0x00000000e0000000,0x00000000e0000000,0x00000000ea580000)
  from space 12800K, 100% used [0x00000000ea580000,0x00000000eb200000,0x00000000eb200000)
  to   space 19968K, 0% used [0x00000000f0680000,0x00000000f0680000,0x00000000f1a00000)
 ParOldGen       total 48640K, used 33467K [0x00000000a0000000, 0x00000000a2f80000, 0x00000000e0000000)
  object space 48640K, 68% used [0x00000000a0000000,0x00000000a20aedc0,0x00000000a2f80000)
 Metaspace       used 50710K, capacity 52362K, committed 52656K, reserved 1095680K
  class space    used 6930K, capacity 7273K, committed 7344K, reserved 1048576K
}
Event: 95.521 GC heap before
{Heap before GC invocations=14 (full 2):
 PSYoungGen      total 182272K, used 42272K [0x00000000e0000000, 0x00000000f1a00000, 0x0000000100000000)
  eden space 169472K, 17% used [0x00000000e0000000,0x00000000e1cc8028,0x00000000ea580000)
  from space 12800K, 100% used [0x00000000ea580000,0x00000000eb200000,0x00000000eb200000)
  to   space 19968K, 0% used [0x00000000f0680000,0x00000000f0680000,0x00000000f1a00000)
 ParOldGen       total 48640K, used 33467K [0x00000000a0000000, 0x00000000a2f80000, 0x00000000e0000000)
  object space 48640K, 68% used [0x00000000a0000000,0x00000000a20aedc0,0x00000000a2f80000)
 Metaspace       used 51695K, capacity 53686K, committed 53936K, reserved 1095680K
  class space    used 7090K, capacity 7572K, committed 7600K, reserved 1048576K
Event: 95.604 GC heap after
Heap after GC invocations=14 (full 2):
 PSYoungGen      total 267776K, used 4106K [0x00000000e0000000, 0x00000000f1900000, 0x0000000100000000)
  eden space 248832K, 0% used [0x00000000e0000000,0x00000000e0000000,0x00000000ef300000)
  from space 18944K, 21% used [0x00000000f0680000,0x00000000f0a82888,0x00000000f1900000)
  to   space 19456K, 0% used [0x00000000ef300000,0x00000000ef300000,0x00000000f0600000)
 ParOldGen       total 48640K, used 46313K [0x00000000a0000000, 0x00000000a2f80000, 0x00000000e0000000)
  object space 48640K, 95% used [0x00000000a0000000,0x00000000a2d3a7e8,0x00000000a2f80000)
 Metaspace       used 51695K, capacity 53686K, committed 53936K, reserved 1095680K
  class space    used 7090K, capacity 7572K, committed 7600K, reserved 1048576K
}
Event: 95.604 GC heap before
{Heap before GC invocations=15 (full 3):
 PSYoungGen      total 267776K, used 4106K [0x00000000e0000000, 0x00000000f1900000, 0x0000000100000000)
  eden space 248832K, 0% used [0x00000000e0000000,0x00000000e0000000,0x00000000ef300000)
  from space 18944K, 21% used [0x00000000f0680000,0x00000000f0a82888,0x00000000f1900000)
  to   space 19456K, 0% used [0x00000000ef300000,0x00000000ef300000,0x00000000f0600000)
 ParOldGen       total 48640K, used 46313K [0x00000000a0000000, 0x00000000a2f80000, 0x00000000e0000000)
  object space 48640K, 95% used [0x00000000a0000000,0x00000000a2d3a7e8,0x00000000a2f80000)
 Metaspace       used 51695K, capacity 53686K, committed 53936K, reserved 1095680K
  class space    used 7090K, capacity 7572K, committed 7600K, reserved 1048576K
Event: 96.559 GC heap after
Heap after GC invocations=15 (full 3):
 PSYoungGen      total 267776K, used 0K [0x00000000e0000000, 0x00000000f1900000, 0x0000000100000000)
  eden space 248832K, 0% used [0x00000000e0000000,0x00000000e0000000,0x00000000ef300000)
  from space 18944K, 0% used [0x00000000f0680000,0x00000000f0680000,0x00000000f1900000)
  to   space 19456K, 0% used [0x00000000ef300000,0x00000000ef300000,0x00000000f0600000)
 ParOldGen       total 48640K, used 44244K [0x00000000a0000000, 0x00000000a2f80000, 0x00000000e0000000)
  object space 48640K, 90% used [0x00000000a0000000,0x00000000a2b352f8,0x00000000a2f80000)
 Metaspace       used 51695K, capacity 53686K, committed 53936K, reserved 1095680K
  class space    used 7090K, capacity 7572K, committed 7600K, reserved 1048576K
}
Event: 504.928 GC heap before
{Heap before GC invocations=16 (full 4):
 PSYoungGen      total 267776K, used 248832K [0x00000000e0000000, 0x00000000f1900000, 0x0000000100000000)
  eden space 248832K, 100% used [0x00000000e0000000,0x00000000ef300000,0x00000000ef300000)
  from space 18944K, 0% used [0x00000000f0680000,0x00000000f0680000,0x00000000f1900000)
  to   space 19456K, 0% used [0x00000000ef300000,0x00000000ef300000,0x00000000f0600000)
 ParOldGen       total 48640K, used 44244K [0x00000000a0000000, 0x00000000a2f80000, 0x00000000e0000000)
  object space 48640K, 90% used [0x00000000a0000000,0x00000000a2b352f8,0x00000000a2f80000)
 Metaspace       used 56255K, capacity 58502K, committed 58800K, reserved 1099776K
  class space    used 7587K, capacity 8058K, committed 8112K, reserved 1048576K
Event: 505.270 GC heap after
Heap after GC invocations=16 (full 4):
 PSYoungGen      total 267776K, used 0K [0x00000000e0000000, 0x00000000f1900000, 0x0000000100000000)
  eden space 248832K, 0% used [0x00000000e0000000,0x00000000e0000000,0x00000000ef300000)
  from space 18944K, 0% used [0x00000000f0680000,0x00000000f0680000,0x00000000f1900000)
  to   space 19456K, 0% used [0x00000000ef300000,0x00000000ef300000,0x00000000f0600000)
 ParOldGen       total 86016K, used 46735K [0x00000000a0000000, 0x00000000a5400000, 0x00000000e0000000)
  object space 86016K, 54% used [0x00000000a0000000,0x00000000a2da3da8,0x00000000a5400000)
 Metaspace       used 56255K, capacity 58502K, committed 58800K, reserved 1099776K
  class space    used 7587K, capacity 8058K, committed 8112K, reserved 1048576K
}
Event: 521.791 GC heap before
{Heap before GC invocations=17 (full 4):
 PSYoungGen      total 267776K, used 248832K [0x00000000e0000000, 0x00000000f1900000, 0x0000000100000000)
  eden space 248832K, 100% used [0x00000000e0000000,0x00000000ef300000,0x00000000ef300000)
  from space 18944K, 0% used [0x00000000f0680000,0x00000000f0680000,0x00000000f1900000)
  to   space 19456K, 0% used [0x00000000ef300000,0x00000000ef300000,0x00000000f0600000)
 ParOldGen       total 86016K, used 46735K [0x00000000a0000000, 0x00000000a5400000, 0x00000000e0000000)
  object space 86016K, 54% used [0x00000000a0000000,0x00000000a2da3da8,0x00000000a5400000)
 Metaspace       used 58548K, capacity 60838K, committed 61104K, reserved 1101824K
  class space    used 7793K, capacity 8290K, committed 8368K, reserved 1048576K
Event: 521.831 GC heap after
Heap after GC invocations=17 (full 4):
 PSYoungGen      total 268288K, used 10167K [0x00000000e0000000, 0x00000000f8b00000, 0x0000000100000000)
  eden space 248832K, 0% used [0x00000000e0000000,0x00000000e0000000,0x00000000ef300000)
  from space 19456K, 52% used [0x00000000ef300000,0x00000000efcedea8,0x00000000f0600000)
  to   space 18944K, 0% used [0x00000000f7880000,0x00000000f7880000,0x00000000f8b00000)
 ParOldGen       total 86016K, used 46743K [0x00000000a0000000, 0x00000000a5400000, 0x00000000e0000000)
  object space 86016K, 54% used [0x00000000a0000000,0x00000000a2da5da8,0x00000000a5400000)
 Metaspace       used 58548K, capacity 60838K, committed 61104K, reserved 1101824K
  class space    used 7793K, capacity 8290K, committed 8368K, reserved 1048576K
}

